  light.cpp
  ghost.cpp
  enemy.cpp
  コードを生成中...
  コンパイル中...
  wood_block.cpp
  tree.cpp
  stone_block.cpp
  stone.cpp
  scene3d.cpp
  scene2d.cpp
  scene.cpp
  renderer.cpp
  player.cpp
  particle_emitter.cpp
  particle_effect.cpp
  particle.cpp
  needle_block.cpp
  floor_block.cpp
  3d_obj.cpp
  motion.cpp
  model_hierarchy.cpp
  model.cpp
  map.cpp
  manager.cpp
  コードを生成中...
  コンパイル中...
  main.cpp
  magic.cpp
  iceball_ui.cpp
  gate_roof.cpp
  gate.cpp
  game.cpp
  frame.cpp
  floor.cpp
  fireball_ui.cpp
  camera.cpp
  button.cpp
  block.cpp
  billboard_ui.cpp
  billboard.cpp
  bg_sky.cpp
  bg_cloud.cpp
  bg_black.cpp
  bg.cpp
  3d_polygon.cpp
  コードを生成中...
  スキップ中... (関連する変更は検出されませんでした)
  collision.cpp
mode.obj : warning LNK4099: PDB 'vc140.pdb' が 'mode.obj' で、または 'C:\Users\gsp015\Desktop\個人製作3DGame\-3DGame\3Dアクションゲーム\WizardAdventure\Debug\vc140.pdb' に見つかりません。デバッグ情報がないものとして、オブジェクトにリンクします。
keyboard.obj : warning LNK4099: PDB 'vc140.pdb' が 'keyboard.obj' で、または 'C:\Users\gsp015\Desktop\個人製作3DGame\-3DGame\3Dアクションゲーム\WizardAdventure\Debug\vc140.pdb' に見つかりません。デバッグ情報がないものとして、オブジェクトにリンクします。
input.obj : warning LNK4099: PDB 'vc140.pdb' が 'input.obj' で、または 'C:\Users\gsp015\Desktop\個人製作3DGame\-3DGame\3Dアクションゲーム\WizardAdventure\Debug\vc140.pdb' に見つかりません。デバッグ情報がないものとして、オブジェクトにリンクします。
  WizardAdventure.vcxproj -> C:\Users\gsp015\Desktop\個人製作3DGame\-3DGame\3Dアクションゲーム\WizardAdventure\Debug\WizardAdventure.exe
  WizardAdventure.vcxproj -> C:\Users\gsp015\Desktop\個人製作3DGame\-3DGame\3Dアクションゲーム\WizardAdventure\Debug\WizardAdventure.pdb (Full PDB)
